<?xml version="1.0" encoding="UTF-8"?>
<testng-results skipped="0" failed="0" total="1" passed="1">
  <reporter-output>
  </reporter-output>
  <suite name="Suite" duration-ms="24051" started-at="2015-11-01T13:17:19Z" finished-at="2015-11-01T13:17:43Z">
    <groups>
    </groups>
    <test name="Test" duration-ms="24051" started-at="2015-11-01T13:17:19Z" finished-at="2015-11-01T13:17:43Z">
      <class name="com.sahu.selenium.GoogleTest">
        <test-method status="PASS" signature="Startup()[pri:0, instance:com.sahu.selenium.GoogleTest@f6e879]" name="Startup" is-config="true" duration-ms="6118" started-at="2015-11-01T18:47:19Z" finished-at="2015-11-01T18:47:25Z">
          <reporter-output>
          </reporter-output>
        </test-method> <!-- Startup -->
        <test-method status="PASS" signature="GoogleLogin()[pri:0, instance:com.sahu.selenium.GoogleTest@f6e879]" name="GoogleLogin" duration-ms="17475" started-at="2015-11-01T18:47:25Z" description="Google Login" finished-at="2015-11-01T18:47:43Z">
          <reporter-output>
          </reporter-output>
        </test-method> <!-- GoogleLogin -->
        <test-method status="PASS" signature="teardown()[pri:0, instance:com.sahu.selenium.GoogleTest@f6e879]" name="teardown" is-config="true" duration-ms="430" started-at="2015-11-01T18:47:43Z" finished-at="2015-11-01T18:47:43Z">
          <reporter-output>
          </reporter-output>
        </test-method> <!-- teardown -->
      </class> <!-- com.sahu.selenium.GoogleTest -->
    </test> <!-- Test -->
  </suite> <!-- Suite -->
</testng-results>
